# JRE version: OpenJDK Runtime Environment (8.0_152-b01) (build 1.8.0_152-release-1343-b01)
# Java VM: OpenJDK 64-Bit Server VM (25.152-b01 mixed mode windows-amd64 compressed oops)
Heap:
 PSYoungGen      total 270848K, used 118405K [0x0000000755580000, 0x000000076b180000, 0x00000007c0000000)
  eden space 240640K, 36% used [0x0000000755580000,0x000000075aba6948,0x0000000764080000)
  from space 30208K, 99% used [0x0000000764080000,0x0000000765dfaea0,0x0000000765e00000)
  to   space 44544K, 0% used [0x0000000768600000,0x0000000768600000,0x000000076b180000)
 ParOldGen       total 133120K, used 95606K [0x0000000680000000, 0x0000000688200000, 0x0000000755580000)
  object space 133120K, 71% used [0x0000000680000000,0x0000000685d5d800,0x0000000688200000)
 Metaspace       used 86061K, capacity 89412K, committed 89752K, reserved 1126400K
  class space    used 11061K, capacity 11835K, committed 11928K, reserved 1048576K
GC Heap History (10 events):
Event: 13.372 GC heap before
{Heap before GC invocations=16 (full 3):
 PSYoungGen      total 193024K, used 177664K [0x0000000755580000, 0x0000000762c00000, 0x00000007c0000000)
  eden space 177664K, 100% used [0x0000000755580000,0x0000000760300000,0x0000000760300000)
  from space 15360K, 0% used [0x0000000761380000,0x0000000761380000,0x0000000762280000)
  to   space 16896K, 0% used [0x0000000760300000,0x0000000760300000,0x0000000761380000)
 ParOldGen       total 133120K, used 37683K [0x0000000680000000, 0x0000000688200000, 0x0000000755580000)
  object space 133120K, 28% used [0x0000000680000000,0x00000006824ccca0,0x0000000688200000)
 Metaspace       used 64235K, capacity 66654K, committed 66840K, reserved 1105920K
  class space    used 8785K, capacity 9377K, committed 9496K, reserved 1048576K
Event: 13.407 GC heap after
Heap after GC invocations=16 (full 3):
 PSYoungGen      total 194560K, used 16167K [0x0000000755580000, 0x0000000764a80000, 0x00000007c0000000)
  eden space 177664K, 0% used [0x0000000755580000,0x0000000755580000,0x0000000760300000)
  from space 16896K, 95% used [0x0000000760300000,0x00000007612c9e38,0x0000000761380000)
  to   space 18944K, 0% used [0x0000000763800000,0x0000000763800000,0x0000000764a80000)
 ParOldGen       total 133120K, used 37691K [0x0000000680000000, 0x0000000688200000, 0x0000000755580000)
  object space 133120K, 28% used [0x0000000680000000,0x00000006824ceca0,0x0000000688200000)
 Metaspace       used 64235K, capacity 66654K, committed 66840K, reserved 1105920K
  class space    used 8785K, capacity 9377K, committed 9496K, reserved 1048576K
}
Event: 18.028 GC heap before
{Heap before GC invocations=17 (full 3):
 PSYoungGen      total 194560K, used 193831K [0x0000000755580000, 0x0000000764a80000, 0x00000007c0000000)
  eden space 177664K, 100% used [0x0000000755580000,0x0000000760300000,0x0000000760300000)
  from space 16896K, 95% used [0x0000000760300000,0x00000007612c9e38,0x0000000761380000)
  to   space 18944K, 0% used [0x0000000763800000,0x0000000763800000,0x0000000764a80000)
 ParOldGen       total 133120K, used 37691K [0x0000000680000000, 0x0000000688200000, 0x0000000755580000)
  object space 133120K, 28% used [0x0000000680000000,0x00000006824ceca0,0x0000000688200000)
 Metaspace       used 68962K, capacity 71978K, committed 72344K, reserved 1112064K
  class space    used 9338K, capacity 10067K, committed 10136K, reserved 1048576K
Event: 18.091 GC heap after
Heap after GC invocations=17 (full 3):
 PSYoungGen      total 227328K, used 18928K [0x0000000755580000, 0x0000000765280000, 0x00000007c0000000)
  eden space 208384K, 0% used [0x0000000755580000,0x0000000755580000,0x0000000762100000)
  from space 18944K, 99% used [0x0000000763800000,0x0000000764a7c1d8,0x0000000764a80000)
  to   space 23552K, 0% used [0x0000000762100000,0x0000000762100000,0x0000000763800000)
 ParOldGen       total 133120K, used 44112K [0x0000000680000000, 0x0000000688200000, 0x0000000755580000)
  object space 133120K, 33% used [0x0000000680000000,0x0000000682b14148,0x0000000688200000)
 Metaspace       used 68962K, capacity 71978K, committed 72344K, reserved 1112064K
  class space    used 9338K, capacity 10067K, committed 10136K, reserved 1048576K
}
Event: 39.016 GC heap before
{Heap before GC invocations=18 (full 3):
 PSYoungGen      total 227328K, used 227312K [0x0000000755580000, 0x0000000765280000, 0x00000007c0000000)
  eden space 208384K, 100% used [0x0000000755580000,0x0000000762100000,0x0000000762100000)
  from space 18944K, 99% used [0x0000000763800000,0x0000000764a7c1d8,0x0000000764a80000)
  to   space 23552K, 0% used [0x0000000762100000,0x0000000762100000,0x0000000763800000)
 ParOldGen       total 133120K, used 44112K [0x0000000680000000, 0x0000000688200000, 0x0000000755580000)
  object space 133120K, 33% used [0x0000000680000000,0x0000000682b14148,0x0000000688200000)
 Metaspace       used 77151K, capacity 80468K, committed 80664K, reserved 1118208K
  class space    used 10170K, capacity 10941K, committed 11032K, reserved 1048576K
Event: 39.069 GC heap after
Heap after GC invocations=18 (full 3):
 PSYoungGen      total 231936K, used 23526K [0x0000000755580000, 0x0000000767e80000, 0x00000007c0000000)
  eden space 208384K, 0% used [0x0000000755580000,0x0000000755580000,0x0000000762100000)
  from space 23552K, 99% used [0x0000000762100000,0x00000007637f99d0,0x0000000763800000)
  to   space 30720K, 0% used [0x0000000766080000,0x0000000766080000,0x0000000767e80000)
 ParOldGen       total 133120K, used 53741K [0x0000000680000000, 0x0000000688200000, 0x0000000755580000)
  object space 133120K, 40% used [0x0000000680000000,0x000000068347b750,0x0000000688200000)
 Metaspace       used 77151K, capacity 80468K, committed 80664K, reserved 1118208K
  class space    used 10170K, capacity 10941K, committed 11032K, reserved 1048576K
}
Event: 44.529 GC heap before
{Heap before GC invocations=19 (full 3):
 PSYoungGen      total 231936K, used 231910K [0x0000000755580000, 0x0000000767e80000, 0x00000007c0000000)
  eden space 208384K, 100% used [0x0000000755580000,0x0000000762100000,0x0000000762100000)
  from space 23552K, 99% used [0x0000000762100000,0x00000007637f99d0,0x0000000763800000)
  to   space 30720K, 0% used [0x0000000766080000,0x0000000766080000,0x0000000767e80000)
 ParOldGen       total 133120K, used 53741K [0x0000000680000000, 0x0000000688200000, 0x0000000755580000)
  object space 133120K, 40% used [0x0000000680000000,0x000000068347b750,0x0000000688200000)
 Metaspace       used 79314K, capacity 82714K, committed 82968K, reserved 1120256K
  class space    used 10393K, capacity 11162K, committed 11288K, reserved 1048576K
Event: 44.575 GC heap after
Heap after GC invocations=19 (full 3):
 PSYoungGen      total 268288K, used 17957K [0x0000000755580000, 0x0000000767b80000, 0x00000007c0000000)
  eden space 240640K, 0% used [0x0000000755580000,0x0000000755580000,0x0000000764080000)
  from space 27648K, 64% used [0x0000000766080000,0x0000000767209410,0x0000000767b80000)
  to   space 30208K, 0% used [0x0000000764080000,0x0000000764080000,0x0000000765e00000)
 ParOldGen       total 133120K, used 69921K [0x0000000680000000, 0x0000000688200000, 0x0000000755580000)
  object space 133120K, 52% used [0x0000000680000000,0x0000000684448770,0x0000000688200000)
 Metaspace       used 79314K, capacity 82714K, committed 82968K, reserved 1120256K
  class space    used 10393K, capacity 11162K, committed 11288K, reserved 1048576K
}
Event: 48.974 GC heap before
{Heap before GC invocations=20 (full 3):
 PSYoungGen      total 268288K, used 258597K [0x0000000755580000, 0x0000000767b80000, 0x00000007c0000000)
  eden space 240640K, 100% used [0x0000000755580000,0x0000000764080000,0x0000000764080000)
  from space 27648K, 64% used [0x0000000766080000,0x0000000767209410,0x0000000767b80000)
  to   space 30208K, 0% used [0x0000000764080000,0x0000000764080000,0x0000000765e00000)
 ParOldGen       total 133120K, used 69921K [0x0000000680000000, 0x0000000688200000, 0x0000000755580000)
  object space 133120K, 52% used [0x0000000680000000,0x0000000684448770,0x0000000688200000)
 Metaspace       used 85733K, capacity 89092K, committed 89240K, reserved 1126400K
  class space    used 11060K, capacity 11835K, committed 11928K, reserved 1048576K
Event: 49.047 GC heap after
Heap after GC invocations=20 (full 3):
 PSYoungGen      total 270848K, used 30187K [0x0000000755580000, 0x000000076b180000, 0x00000007c0000000)
  eden space 240640K, 0% used [0x0000000755580000,0x0000000755580000,0x0000000764080000)
  from space 30208K, 99% used [0x0000000764080000,0x0000000765dfaea0,0x0000000765e00000)
  to   space 44544K, 0% used [0x0000000768600000,0x0000000768600000,0x000000076b180000)
 ParOldGen       total 133120K, used 95606K [0x0000000680000000, 0x0000000688200000, 0x0000000755580000)
  object space 133120K, 71% used [0x0000000680000000,0x0000000685d5d800,0x0000000688200000)
 Metaspace       used 85733K, capacity 89092K, committed 89240K, reserved 1126400K
  class space    used 11060K, capacity 11835K, committed 11928K, reserved 1048576K
}

