# JRE version: OpenJDK Runtime Environment (8.0_152-b01) (build 1.8.0_152-release-1343-b01)
# Java VM: OpenJDK 64-Bit Server VM (25.152-b01 mixed mode windows-amd64 compressed oops)
Heap:
 PSYoungGen      total 331776K, used 155928K [0x0000000755580000, 0x000000076c280000, 0x00000007c0000000)
  eden space 302592K, 43% used [0x0000000755580000,0x000000075d596f28,0x0000000767d00000)
  from space 29184K, 84% used [0x0000000769c80000,0x000000076b4af450,0x000000076b900000)
  to   space 32256K, 0% used [0x0000000767d00000,0x0000000767d00000,0x0000000769c80000)
 ParOldGen       total 146432K, used 64227K [0x0000000680000000, 0x0000000688f00000, 0x0000000755580000)
  object space 146432K, 43% used [0x0000000680000000,0x0000000683eb8fc8,0x0000000688f00000)
 Metaspace       used 82956K, capacity 86362K, committed 86552K, reserved 1124352K
  class space    used 10873K, capacity 11673K, committed 11800K, reserved 1048576K
GC Heap History (10 events):
Event: 9.023 GC heap before
{Heap before GC invocations=13 (full 2):
 PSYoungGen      total 215040K, used 51412K [0x0000000755580000, 0x0000000764200000, 0x00000007c0000000)
  eden space 197120K, 17% used [0x0000000755580000,0x000000075763bfd0,0x0000000761600000)
  from space 17920K, 99% used [0x0000000762b00000,0x0000000763c79178,0x0000000763c80000)
  to   space 21504K, 0% used [0x0000000761600000,0x0000000761600000,0x0000000762b00000)
 ParOldGen       total 99328K, used 25503K [0x0000000680000000, 0x0000000686100000, 0x0000000755580000)
  object space 99328K, 25% used [0x0000000680000000,0x00000006818e7ca8,0x0000000686100000)
 Metaspace       used 57352K, capacity 59018K, committed 59160K, reserved 1099776K
  class space    used 7662K, capacity 8111K, committed 8216K, reserved 1048576K
Event: 9.048 GC heap after
Heap after GC invocations=13 (full 2):
 PSYoungGen      total 218624K, used 4285K [0x0000000755580000, 0x0000000768200000, 0x00000007c0000000)
  eden space 197120K, 0% used [0x0000000755580000,0x0000000755580000,0x0000000761600000)
  from space 21504K, 19% used [0x0000000761600000,0x0000000761a2f5e0,0x0000000762b00000)
  to   space 21504K, 0% used [0x0000000766d00000,0x0000000766d00000,0x0000000768200000)
 ParOldGen       total 99328K, used 40132K [0x0000000680000000, 0x0000000686100000, 0x0000000755580000)
  object space 99328K, 40% used [0x0000000680000000,0x0000000682731360,0x0000000686100000)
 Metaspace       used 57352K, capacity 59018K, committed 59160K, reserved 1099776K
  class space    used 7662K, capacity 8111K, committed 8216K, reserved 1048576K
}
Event: 9.048 GC heap before
{Heap before GC invocations=14 (full 3):
 PSYoungGen      total 218624K, used 4285K [0x0000000755580000, 0x0000000768200000, 0x00000007c0000000)
  eden space 197120K, 0% used [0x0000000755580000,0x0000000755580000,0x0000000761600000)
  from space 21504K, 19% used [0x0000000761600000,0x0000000761a2f5e0,0x0000000762b00000)
  to   space 21504K, 0% used [0x0000000766d00000,0x0000000766d00000,0x0000000768200000)
 ParOldGen       total 99328K, used 40132K [0x0000000680000000, 0x0000000686100000, 0x0000000755580000)
  object space 99328K, 40% used [0x0000000680000000,0x0000000682731360,0x0000000686100000)
 Metaspace       used 57352K, capacity 59018K, committed 59160K, reserved 1099776K
  class space    used 7662K, capacity 8111K, committed 8216K, reserved 1048576K
Event: 9.306 GC heap after
Heap after GC invocations=14 (full 3):
 PSYoungGen      total 218624K, used 0K [0x0000000755580000, 0x0000000768200000, 0x00000007c0000000)
  eden space 197120K, 0% used [0x0000000755580000,0x0000000755580000,0x0000000761600000)
  from space 21504K, 0% used [0x0000000761600000,0x0000000761600000,0x0000000762b00000)
  to   space 21504K, 0% used [0x0000000766d00000,0x0000000766d00000,0x0000000768200000)
 ParOldGen       total 146432K, used 34811K [0x0000000680000000, 0x0000000688f00000, 0x0000000755580000)
  object space 146432K, 23% used [0x0000000680000000,0x00000006821feca8,0x0000000688f00000)
 Metaspace       used 57352K, capacity 59018K, committed 59160K, reserved 1099776K
  class space    used 7662K, capacity 8111K, committed 8216K, reserved 1048576K
}
Event: 13.640 GC heap before
{Heap before GC invocations=15 (full 3):
 PSYoungGen      total 218624K, used 197120K [0x0000000755580000, 0x0000000768200000, 0x00000007c0000000)
  eden space 197120K, 100% used [0x0000000755580000,0x0000000761600000,0x0000000761600000)
  from space 21504K, 0% used [0x0000000761600000,0x0000000761600000,0x0000000762b00000)
  to   space 21504K, 0% used [0x0000000766d00000,0x0000000766d00000,0x0000000768200000)
 ParOldGen       total 146432K, used 34811K [0x0000000680000000, 0x0000000688f00000, 0x0000000755580000)
  object space 146432K, 23% used [0x0000000680000000,0x00000006821feca8,0x0000000688f00000)
 Metaspace       used 65243K, capacity 67772K, committed 67992K, reserved 1107968K
  class space    used 8937K, capacity 9537K, committed 9624K, reserved 1048576K
Event: 13.665 GC heap after
Heap after GC invocations=15 (full 3):
 PSYoungGen      total 265728K, used 18242K [0x0000000755580000, 0x0000000767f00000, 0x00000007c0000000)
  eden space 247296K, 0% used [0x0000000755580000,0x0000000755580000,0x0000000764700000)
  from space 18432K, 98% used [0x0000000766d00000,0x0000000767ed0a40,0x0000000767f00000)
  to   space 23040K, 0% used [0x0000000765200000,0x0000000765200000,0x0000000766880000)
 ParOldGen       total 146432K, used 34819K [0x0000000680000000, 0x0000000688f00000, 0x0000000755580000)
  object space 146432K, 23% used [0x0000000680000000,0x0000000682200ca8,0x0000000688f00000)
 Metaspace       used 65243K, capacity 67772K, committed 67992K, reserved 1107968K
  class space    used 8937K, capacity 9537K, committed 9624K, reserved 1048576K
}
Event: 19.438 GC heap before
{Heap before GC invocations=16 (full 3):
 PSYoungGen      total 265728K, used 265538K [0x0000000755580000, 0x0000000767f00000, 0x00000007c0000000)
  eden space 247296K, 100% used [0x0000000755580000,0x0000000764700000,0x0000000764700000)
  from space 18432K, 98% used [0x0000000766d00000,0x0000000767ed0a40,0x0000000767f00000)
  to   space 23040K, 0% used [0x0000000765200000,0x0000000765200000,0x0000000766880000)
 ParOldGen       total 146432K, used 34819K [0x0000000680000000, 0x0000000688f00000, 0x0000000755580000)
  object space 146432K, 23% used [0x0000000680000000,0x0000000682200ca8,0x0000000688f00000)
 Metaspace       used 75099K, capacity 78032K, committed 78360K, reserved 1116160K
  class space    used 9967K, capacity 10672K, committed 10776K, reserved 1048576K
Event: 19.531 GC heap after
Heap after GC invocations=16 (full 3):
 PSYoungGen      total 281600K, used 23036K [0x0000000755580000, 0x000000076b900000, 0x00000007c0000000)
  eden space 258560K, 0% used [0x0000000755580000,0x0000000755580000,0x0000000765200000)
  from space 23040K, 99% used [0x0000000765200000,0x000000076687f070,0x0000000766880000)
  to   space 29184K, 0% used [0x0000000769c80000,0x0000000769c80000,0x000000076b900000)
 ParOldGen       total 146432K, used 41967K [0x0000000680000000, 0x0000000688f00000, 0x0000000755580000)
  object space 146432K, 28% used [0x0000000680000000,0x00000006828fbd78,0x0000000688f00000)
 Metaspace       used 75099K, capacity 78032K, committed 78360K, reserved 1116160K
  class space    used 9967K, capacity 10672K, committed 10776K, reserved 1048576K
}
Event: 160.849 GC heap before
{Heap before GC invocations=17 (full 3):
 PSYoungGen      total 281600K, used 281596K [0x0000000755580000, 0x000000076b900000, 0x00000007c0000000)
  eden space 258560K, 100% used [0x0000000755580000,0x0000000765200000,0x0000000765200000)
  from space 23040K, 99% used [0x0000000765200000,0x000000076687f070,0x0000000766880000)
  to   space 29184K, 0% used [0x0000000769c80000,0x0000000769c80000,0x000000076b900000)
 ParOldGen       total 146432K, used 41967K [0x0000000680000000, 0x0000000688f00000, 0x0000000755580000)
  object space 146432K, 28% used [0x0000000680000000,0x00000006828fbd78,0x0000000688f00000)
 Metaspace       used 78341K, capacity 81642K, committed 81688K, reserved 1120256K
  class space    used 10283K, capacity 11025K, committed 11032K, reserved 1048576K
Event: 160.904 GC heap after
Heap after GC invocations=17 (full 3):
 PSYoungGen      total 331776K, used 24765K [0x0000000755580000, 0x000000076c280000, 0x00000007c0000000)
  eden space 302592K, 0% used [0x0000000755580000,0x0000000755580000,0x0000000767d00000)
  from space 29184K, 84% used [0x0000000769c80000,0x000000076b4af450,0x000000076b900000)
  to   space 32256K, 0% used [0x0000000767d00000,0x0000000767d00000,0x0000000769c80000)
 ParOldGen       total 146432K, used 64227K [0x0000000680000000, 0x0000000688f00000, 0x0000000755580000)
  object space 146432K, 43% used [0x0000000680000000,0x0000000683eb8fc8,0x0000000688f00000)
 Metaspace       used 78341K, capacity 81642K, committed 81688K, reserved 1120256K
  class space    used 10283K, capacity 11025K, committed 11032K, reserved 1048576K
}

