# JRE version: OpenJDK Runtime Environment (8.0_152-b01) (build 1.8.0_152-release-1343-b01)
# Java VM: OpenJDK 64-Bit Server VM (25.152-b01 mixed mode windows-amd64 compressed oops)
Heap:
 PSYoungGen      total 332288K, used 11242K [0x0000000755580000, 0x000000076b980000, 0x00000007c0000000)
  eden space 301056K, 3% used [0x0000000755580000,0x000000075607aa58,0x0000000767b80000)
  from space 31232K, 0% used [0x0000000769b00000,0x0000000769b00000,0x000000076b980000)
  to   space 31744K, 0% used [0x0000000767b80000,0x0000000767b80000,0x0000000769a80000)
 ParOldGen       total 118784K, used 52042K [0x0000000680000000, 0x0000000687400000, 0x0000000755580000)
  object space 118784K, 43% used [0x0000000680000000,0x00000006832d2bf0,0x0000000687400000)
 Metaspace       used 76817K, capacity 79404K, committed 79832K, reserved 1118208K
  class space    used 9916K, capacity 10583K, committed 10712K, reserved 1048576K
GC Heap History (10 events):
Event: 38.403 GC heap before
{Heap before GC invocations=22 (full 6):
 PSYoungGen      total 333824K, used 96K [0x0000000755580000, 0x000000076bb80000, 0x00000007c0000000)
  eden space 301056K, 0% used [0x0000000755580000,0x0000000755580000,0x0000000767b80000)
  from space 32768K, 0% used [0x0000000769b80000,0x0000000769b98000,0x000000076bb80000)
  to   space 32768K, 0% used [0x0000000767b80000,0x0000000767b80000,0x0000000769b80000)
 ParOldGen       total 118784K, used 52484K [0x0000000680000000, 0x0000000687400000, 0x0000000755580000)
  object space 118784K, 44% used [0x0000000680000000,0x0000000683341010,0x0000000687400000)
 Metaspace       used 76703K, capacity 79212K, committed 79576K, reserved 1118208K
  class space    used 9916K, capacity 10583K, committed 10712K, reserved 1048576K
Event: 38.521 GC heap after
Heap after GC invocations=22 (full 6):
 PSYoungGen      total 333824K, used 0K [0x0000000755580000, 0x000000076bb80000, 0x00000007c0000000)
  eden space 301056K, 0% used [0x0000000755580000,0x0000000755580000,0x0000000767b80000)
  from space 32768K, 0% used [0x0000000769b80000,0x0000000769b80000,0x000000076bb80000)
  to   space 32768K, 0% used [0x0000000767b80000,0x0000000767b80000,0x0000000769b80000)
 ParOldGen       total 118784K, used 52124K [0x0000000680000000, 0x0000000687400000, 0x0000000755580000)
  object space 118784K, 43% used [0x0000000680000000,0x00000006832e7320,0x0000000687400000)
 Metaspace       used 76703K, capacity 79212K, committed 79576K, reserved 1118208K
  class space    used 9916K, capacity 10583K, committed 10712K, reserved 1048576K
}
Event: 38.535 GC heap before
{Heap before GC invocations=23 (full 6):
 PSYoungGen      total 333824K, used 462K [0x0000000755580000, 0x000000076bb80000, 0x00000007c0000000)
  eden space 301056K, 0% used [0x0000000755580000,0x00000007555f3a10,0x0000000767b80000)
  from space 32768K, 0% used [0x0000000769b80000,0x0000000769b80000,0x000000076bb80000)
  to   space 32768K, 0% used [0x0000000767b80000,0x0000000767b80000,0x0000000769b80000)
 ParOldGen       total 118784K, used 52124K [0x0000000680000000, 0x0000000687400000, 0x0000000755580000)
  object space 118784K, 43% used [0x0000000680000000,0x00000006832e7320,0x0000000687400000)
 Metaspace       used 76703K, capacity 79212K, committed 79576K, reserved 1118208K
  class space    used 9916K, capacity 10583K, committed 10712K, reserved 1048576K
Event: 38.537 GC heap after
Heap after GC invocations=23 (full 6):
 PSYoungGen      total 301568K, used 64K [0x0000000755580000, 0x000000076ba80000, 0x00000007c0000000)
  eden space 301056K, 0% used [0x0000000755580000,0x0000000755580000,0x0000000767b80000)
  from space 512K, 12% used [0x0000000767b80000,0x0000000767b90000,0x0000000767c00000)
  to   space 32256K, 0% used [0x0000000769b00000,0x0000000769b00000,0x000000076ba80000)
 ParOldGen       total 118784K, used 52124K [0x0000000680000000, 0x0000000687400000, 0x0000000755580000)
  object space 118784K, 43% used [0x0000000680000000,0x00000006832e7320,0x0000000687400000)
 Metaspace       used 76703K, capacity 79212K, committed 79576K, reserved 1118208K
  class space    used 9916K, capacity 10583K, committed 10712K, reserved 1048576K
}
Event: 38.537 GC heap before
{Heap before GC invocations=24 (full 7):
 PSYoungGen      total 301568K, used 64K [0x0000000755580000, 0x000000076ba80000, 0x00000007c0000000)
  eden space 301056K, 0% used [0x0000000755580000,0x0000000755580000,0x0000000767b80000)
  from space 512K, 12% used [0x0000000767b80000,0x0000000767b90000,0x0000000767c00000)
  to   space 32256K, 0% used [0x0000000769b00000,0x0000000769b00000,0x000000076ba80000)
 ParOldGen       total 118784K, used 52124K [0x0000000680000000, 0x0000000687400000, 0x0000000755580000)
  object space 118784K, 43% used [0x0000000680000000,0x00000006832e7320,0x0000000687400000)
 Metaspace       used 76703K, capacity 79212K, committed 79576K, reserved 1118208K
  class space    used 9916K, capacity 10583K, committed 10712K, reserved 1048576K
Event: 38.682 GC heap after
Heap after GC invocations=24 (full 7):
 PSYoungGen      total 301568K, used 0K [0x0000000755580000, 0x000000076ba80000, 0x00000007c0000000)
  eden space 301056K, 0% used [0x0000000755580000,0x0000000755580000,0x0000000767b80000)
  from space 512K, 0% used [0x0000000767b80000,0x0000000767b80000,0x0000000767c00000)
  to   space 32256K, 0% used [0x0000000769b00000,0x0000000769b00000,0x000000076ba80000)
 ParOldGen       total 118784K, used 52127K [0x0000000680000000, 0x0000000687400000, 0x0000000755580000)
  object space 118784K, 43% used [0x0000000680000000,0x00000006832e7d18,0x0000000687400000)
 Metaspace       used 76703K, capacity 79212K, committed 79576K, reserved 1118208K
  class space    used 9916K, capacity 10583K, committed 10712K, reserved 1048576K
}
Event: 38.706 GC heap before
{Heap before GC invocations=25 (full 7):
 PSYoungGen      total 301568K, used 414K [0x0000000755580000, 0x000000076ba80000, 0x00000007c0000000)
  eden space 301056K, 0% used [0x0000000755580000,0x00000007555e79e0,0x0000000767b80000)
  from space 512K, 0% used [0x0000000767b80000,0x0000000767b80000,0x0000000767c00000)
  to   space 32256K, 0% used [0x0000000769b00000,0x0000000769b00000,0x000000076ba80000)
 ParOldGen       total 118784K, used 52127K [0x0000000680000000, 0x0000000687400000, 0x0000000755580000)
  object space 118784K, 43% used [0x0000000680000000,0x00000006832e7d18,0x0000000687400000)
 Metaspace       used 76703K, capacity 79212K, committed 79576K, reserved 1118208K
  class space    used 9916K, capacity 10583K, committed 10712K, reserved 1048576K
Event: 38.709 GC heap after
Heap after GC invocations=25 (full 7):
 PSYoungGen      total 332288K, used 64K [0x0000000755580000, 0x000000076b980000, 0x00000007c0000000)
  eden space 301056K, 0% used [0x0000000755580000,0x0000000755580000,0x0000000767b80000)
  from space 31232K, 0% used [0x0000000769b00000,0x0000000769b10000,0x000000076b980000)
  to   space 31744K, 0% used [0x0000000767b80000,0x0000000767b80000,0x0000000769a80000)
 ParOldGen       total 118784K, used 52127K [0x0000000680000000, 0x0000000687400000, 0x0000000755580000)
  object space 118784K, 43% used [0x0000000680000000,0x00000006832e7d18,0x0000000687400000)
 Metaspace       used 76703K, capacity 79212K, committed 79576K, reserved 1118208K
  class space    used 9916K, capacity 10583K, committed 10712K, reserved 1048576K
}
Event: 38.709 GC heap before
{Heap before GC invocations=26 (full 8):
 PSYoungGen      total 332288K, used 64K [0x0000000755580000, 0x000000076b980000, 0x00000007c0000000)
  eden space 301056K, 0% used [0x0000000755580000,0x0000000755580000,0x0000000767b80000)
  from space 31232K, 0% used [0x0000000769b00000,0x0000000769b10000,0x000000076b980000)
  to   space 31744K, 0% used [0x0000000767b80000,0x0000000767b80000,0x0000000769a80000)
 ParOldGen       total 118784K, used 52127K [0x0000000680000000, 0x0000000687400000, 0x0000000755580000)
  object space 118784K, 43% used [0x0000000680000000,0x00000006832e7d18,0x0000000687400000)
 Metaspace       used 76703K, capacity 79212K, committed 79576K, reserved 1118208K
  class space    used 9916K, capacity 10583K, committed 10712K, reserved 1048576K
Event: 38.829 GC heap after
Heap after GC invocations=26 (full 8):
 PSYoungGen      total 332288K, used 0K [0x0000000755580000, 0x000000076b980000, 0x00000007c0000000)
  eden space 301056K, 0% used [0x0000000755580000,0x0000000755580000,0x0000000767b80000)
  from space 31232K, 0% used [0x0000000769b00000,0x0000000769b00000,0x000000076b980000)
  to   space 31744K, 0% used [0x0000000767b80000,0x0000000767b80000,0x0000000769a80000)
 ParOldGen       total 118784K, used 52042K [0x0000000680000000, 0x0000000687400000, 0x0000000755580000)
  object space 118784K, 43% used [0x0000000680000000,0x00000006832d2bf0,0x0000000687400000)
 Metaspace       used 76703K, capacity 79212K, committed 79576K, reserved 1118208K
  class space    used 9916K, capacity 10583K, committed 10712K, reserved 1048576K
}

