# JRE version: OpenJDK Runtime Environment (8.0_152-b01) (build 1.8.0_152-release-1343-b01)
# Java VM: OpenJDK 64-Bit Server VM (25.152-b01 mixed mode windows-amd64 compressed oops)
Heap:
 PSYoungGen      total 286208K, used 90507K [0x0000000755580000, 0x000000076bb80000, 0x00000007c0000000)
  eden space 243712K, 34% used [0x0000000755580000,0x000000075a8c2d70,0x0000000764380000)
  from space 42496K, 12% used [0x0000000764380000,0x00000007648a0000,0x0000000766d00000)
  to   space 39424K, 0% used [0x0000000769500000,0x0000000769500000,0x000000076bb80000)
 ParOldGen       total 129024K, used 86935K [0x0000000680000000, 0x0000000687e00000, 0x0000000755580000)
  object space 129024K, 67% used [0x0000000680000000,0x00000006854e5ed0,0x0000000687e00000)
 Metaspace       used 91757K, capacity 94932K, committed 95192K, reserved 1132544K
  class space    used 11669K, capacity 12412K, committed 12504K, reserved 1048576K
GC Heap History (10 events):
Event: 43.265 GC heap before
{Heap before GC invocations=27 (full 6):
 PSYoungGen      total 252416K, used 217122K [0x0000000755580000, 0x0000000767880000, 0x00000007c0000000)
  eden space 206336K, 100% used [0x0000000755580000,0x0000000761f00000,0x0000000761f00000)
  from space 46080K, 23% used [0x0000000764b80000,0x00000007656089f0,0x0000000767880000)
  to   space 45568K, 0% used [0x0000000761f00000,0x0000000761f00000,0x0000000764b80000)
 ParOldGen       total 129024K, used 74574K [0x0000000680000000, 0x0000000687e00000, 0x0000000755580000)
  object space 129024K, 57% used [0x0000000680000000,0x00000006848d3928,0x0000000687e00000)
 Metaspace       used 91733K, capacity 94910K, committed 95192K, reserved 1132544K
  class space    used 11669K, capacity 12411K, committed 12504K, reserved 1048576K
Event: 43.313 GC heap after
Heap after GC invocations=27 (full 6):
 PSYoungGen      total 251904K, used 17626K [0x0000000755580000, 0x0000000769780000, 0x00000007c0000000)
  eden space 206336K, 0% used [0x0000000755580000,0x0000000755580000,0x0000000761f00000)
  from space 45568K, 38% used [0x0000000761f00000,0x0000000763036828,0x0000000764b80000)
  to   space 43520K, 0% used [0x0000000766d00000,0x0000000766d00000,0x0000000769780000)
 ParOldGen       total 129024K, used 74574K [0x0000000680000000, 0x0000000687e00000, 0x0000000755580000)
  object space 129024K, 57% used [0x0000000680000000,0x00000006848d3928,0x0000000687e00000)
 Metaspace       used 91733K, capacity 94910K, committed 95192K, reserved 1132544K
  class space    used 11669K, capacity 12411K, committed 12504K, reserved 1048576K
}
Event: 43.427 GC heap before
{Heap before GC invocations=28 (full 6):
 PSYoungGen      total 251904K, used 223962K [0x0000000755580000, 0x0000000769780000, 0x00000007c0000000)
  eden space 206336K, 100% used [0x0000000755580000,0x0000000761f00000,0x0000000761f00000)
  from space 45568K, 38% used [0x0000000761f00000,0x0000000763036828,0x0000000764b80000)
  to   space 43520K, 0% used [0x0000000766d00000,0x0000000766d00000,0x0000000769780000)
 ParOldGen       total 129024K, used 74574K [0x0000000680000000, 0x0000000687e00000, 0x0000000755580000)
  object space 129024K, 57% used [0x0000000680000000,0x00000006848d3928,0x0000000687e00000)
 Metaspace       used 91733K, capacity 94910K, committed 95192K, reserved 1132544K
  class space    used 11669K, capacity 12411K, committed 12504K, reserved 1048576K
Event: 43.487 GC heap after
Heap after GC invocations=28 (full 6):
 PSYoungGen      total 287232K, used 21086K [0x0000000755580000, 0x000000076ab80000, 0x00000007c0000000)
  eden space 243712K, 0% used [0x0000000755580000,0x0000000755580000,0x0000000764380000)
  from space 43520K, 48% used [0x0000000766d00000,0x0000000768197a28,0x0000000769780000)
  to   space 42496K, 0% used [0x0000000764380000,0x0000000764380000,0x0000000766d00000)
 ParOldGen       total 129024K, used 74574K [0x0000000680000000, 0x0000000687e00000, 0x0000000755580000)
  object space 129024K, 57% used [0x0000000680000000,0x00000006848d3928,0x0000000687e00000)
 Metaspace       used 91733K, capacity 94910K, committed 95192K, reserved 1132544K
  class space    used 11669K, capacity 12411K, committed 12504K, reserved 1048576K
}
Event: 44.242 GC heap before
{Heap before GC invocations=29 (full 6):
 PSYoungGen      total 287232K, used 264798K [0x0000000755580000, 0x000000076ab80000, 0x00000007c0000000)
  eden space 243712K, 100% used [0x0000000755580000,0x0000000764380000,0x0000000764380000)
  from space 43520K, 48% used [0x0000000766d00000,0x0000000768197a28,0x0000000769780000)
  to   space 42496K, 0% used [0x0000000764380000,0x0000000764380000,0x0000000766d00000)
 ParOldGen       total 129024K, used 74574K [0x0000000680000000, 0x0000000687e00000, 0x0000000755580000)
  object space 129024K, 57% used [0x0000000680000000,0x00000006848d3928,0x0000000687e00000)
 Metaspace       used 91745K, capacity 94924K, committed 95192K, reserved 1132544K
  class space    used 11669K, capacity 12412K, committed 12504K, reserved 1048576K
Event: 44.306 GC heap after
Heap after GC invocations=29 (full 6):
 PSYoungGen      total 286208K, used 11495K [0x0000000755580000, 0x000000076ab80000, 0x00000007c0000000)
  eden space 243712K, 0% used [0x0000000755580000,0x0000000755580000,0x0000000764380000)
  from space 42496K, 27% used [0x0000000764380000,0x0000000764eb9f00,0x0000000766d00000)
  to   space 43520K, 0% used [0x0000000766d00000,0x0000000766d00000,0x0000000769780000)
 ParOldGen       total 129024K, used 83104K [0x0000000680000000, 0x0000000687e00000, 0x0000000755580000)
  object space 129024K, 64% used [0x0000000680000000,0x0000000685128348,0x0000000687e00000)
 Metaspace       used 91745K, capacity 94924K, committed 95192K, reserved 1132544K
  class space    used 11669K, capacity 12412K, committed 12504K, reserved 1048576K
}
Event: 45.123 GC heap before
{Heap before GC invocations=30 (full 6):
 PSYoungGen      total 286208K, used 255207K [0x0000000755580000, 0x000000076ab80000, 0x00000007c0000000)
  eden space 243712K, 100% used [0x0000000755580000,0x0000000764380000,0x0000000764380000)
  from space 42496K, 27% used [0x0000000764380000,0x0000000764eb9f00,0x0000000766d00000)
  to   space 43520K, 0% used [0x0000000766d00000,0x0000000766d00000,0x0000000769780000)
 ParOldGen       total 129024K, used 83104K [0x0000000680000000, 0x0000000687e00000, 0x0000000755580000)
  object space 129024K, 64% used [0x0000000680000000,0x0000000685128348,0x0000000687e00000)
 Metaspace       used 91750K, capacity 94924K, committed 95192K, reserved 1132544K
  class space    used 11669K, capacity 12412K, committed 12504K, reserved 1048576K
Event: 45.152 GC heap after
Heap after GC invocations=30 (full 6):
 PSYoungGen      total 287232K, used 3488K [0x0000000755580000, 0x000000076ab80000, 0x00000007c0000000)
  eden space 243712K, 0% used [0x0000000755580000,0x0000000755580000,0x0000000764380000)
  from space 43520K, 8% used [0x0000000766d00000,0x0000000767068010,0x0000000769780000)
  to   space 42496K, 0% used [0x0000000764380000,0x0000000764380000,0x0000000766d00000)
 ParOldGen       total 129024K, used 86023K [0x0000000680000000, 0x0000000687e00000, 0x0000000755580000)
  object space 129024K, 66% used [0x0000000680000000,0x0000000685401eb0,0x0000000687e00000)
 Metaspace       used 91750K, capacity 94924K, committed 95192K, reserved 1132544K
  class space    used 11669K, capacity 12412K, committed 12504K, reserved 1048576K
}
Event: 45.785 GC heap before
{Heap before GC invocations=31 (full 6):
 PSYoungGen      total 287232K, used 247200K [0x0000000755580000, 0x000000076ab80000, 0x00000007c0000000)
  eden space 243712K, 100% used [0x0000000755580000,0x0000000764380000,0x0000000764380000)
  from space 43520K, 8% used [0x0000000766d00000,0x0000000767068010,0x0000000769780000)
  to   space 42496K, 0% used [0x0000000764380000,0x0000000764380000,0x0000000766d00000)
 ParOldGen       total 129024K, used 86023K [0x0000000680000000, 0x0000000687e00000, 0x0000000755580000)
  object space 129024K, 66% used [0x0000000680000000,0x0000000685401eb0,0x0000000687e00000)
 Metaspace       used 91757K, capacity 94932K, committed 95192K, reserved 1132544K
  class space    used 11669K, capacity 12412K, committed 12504K, reserved 1048576K
Event: 45.797 GC heap after
Heap after GC invocations=31 (full 6):
 PSYoungGen      total 286208K, used 5248K [0x0000000755580000, 0x000000076bb80000, 0x00000007c0000000)
  eden space 243712K, 0% used [0x0000000755580000,0x0000000755580000,0x0000000764380000)
  from space 42496K, 12% used [0x0000000764380000,0x00000007648a0000,0x0000000766d00000)
  to   space 39424K, 0% used [0x0000000769500000,0x0000000769500000,0x000000076bb80000)
 ParOldGen       total 129024K, used 86935K [0x0000000680000000, 0x0000000687e00000, 0x0000000755580000)
  object space 129024K, 67% used [0x0000000680000000,0x00000006854e5ed0,0x0000000687e00000)
 Metaspace       used 91757K, capacity 94932K, committed 95192K, reserved 1132544K
  class space    used 11669K, capacity 12412K, committed 12504K, reserved 1048576K
}

